Connected to smtp://smtp.c1.liara.email:587/?starttls=always
S: 220 mail-relay--2--pop-37 ESMTP .:Liara SMTP Server:.
C: EHLO Hanza
S: 250-mail-relay--2--pop-37 Nice to meet you, [151.238.176.58]
S: 250-PIPELINING
S: 250-8BITMIME
S: 250-SMTPUTF8
S: 250-AUTH LOGIN PLAIN
S: 250-STARTTLS
S: 250 SIZE 10485760
C: STARTTLS
S: 220 Ready to start TLS
C: EHLO Hanza
S: 250-mail-relay--2--pop-37 Nice to meet you, [151.238.176.58]
S: 250-PIPELINING
S: 250-8BITMIME
S: 250-SMTPUTF8
S: 250-AUTH LOGIN PLAIN
S: 250 SIZE 10485760
C: AUTH PLAIN ********
S: 235 Authentication successful
C: MAIL FROM:<objective_antonelli_89okvn> SIZE=284 BODY=8BITMIME
C: RCPT TO:<parsa.hanza@gmail.com>
S: 501 Error: Bad sender address syntax
S: 503 Error: need MAIL command
C: RSET
S: 250 Flushed
Connected to smtp://smtp.c1.liara.email:587/?starttls=always
S: 220 mail-relay--2--pop-37 ESMTP .:Liara SMTP Server:.
C: EHLO Hanza
S: 250-mail-relay--2--pop-37 Nice to meet you, [151.238.176.58]
S: 250-PIPELINING
S: 250-8BITMIME
S: 250-SMTPUTF8
S: 250-AUTH LOGIN PLAIN
S: 250-STARTTLS
S: 250 SIZE 10485760
C: STARTTLS
S: 220 Ready to start TLS
C: EHLO Hanza
S: 250-mail-relay--2--pop-37 Nice to meet you, [151.238.176.58]
S: 250-PIPELINING
S: 250-8BITMIME
S: 250-SMTPUTF8
S: 250-AUTH LOGIN PLAIN
S: 250 SIZE 10485760
C: AUTH PLAIN ********
S: 235 Authentication successful
C: MAIL FROM:<objective_antonelli_89okvn> SIZE=284 BODY=8BITMIME
C: RCPT TO:<parsa.hanza@gmail.com>
S: 501 Error: Bad sender address syntax
S: 503 Error: need MAIL command
C: RSET
S: 250 Flushed
Connected to smtp://smtp.c1.liara.email:587/?starttls=always
S: 220 mail-relay--1--pop-16 ESMTP .:Liara SMTP Server:.
C: EHLO Hanza
S: 250-mail-relay--1--pop-16 Nice to meet you, [151.238.176.58]
S: 250-PIPELINING
S: 250-8BITMIME
S: 250-SMTPUTF8
S: 250-AUTH LOGIN PLAIN
S: 250-STARTTLS
S: 250 SIZE 10485760
C: STARTTLS
S: 220 Ready to start TLS
C: EHLO Hanza
S: 250-mail-relay--1--pop-16 Nice to meet you, [151.238.176.58]
S: 250-PIPELINING
S: 250-8BITMIME
S: 250-SMTPUTF8
S: 250-AUTH LOGIN PLAIN
S: 250 SIZE 10485760
C: AUTH PLAIN ********
S: 235 Authentication successful
C: MAIL FROM:<objective_antonelli_89okvn> SIZE=284 BODY=8BITMIME
C: RCPT TO:<parsa.hanza@gmail.com>
S: 501 Error: Bad sender address syntax
S: 503 Error: need MAIL command
C: RSET
S: 250 Flushed
Connected to smtp://smtp.c1.liara.email:587/?starttls=always
S: 220 mail-relay--1--pop-16 ESMTP .:Liara SMTP Server:.
C: EHLO Hanza
S: 250-mail-relay--1--pop-16 Nice to meet you, [151.238.176.58]
S: 250-PIPELINING
S: 250-8BITMIME
S: 250-SMTPUTF8
S: 250-AUTH LOGIN PLAIN
S: 250-STARTTLS
S: 250 SIZE 10485760
C: STARTTLS
S: 220 Ready to start TLS
C: EHLO Hanza
S: 250-mail-relay--1--pop-16 Nice to meet you, [151.238.176.58]
S: 250-PIPELINING
S: 250-8BITMIME
S: 250-SMTPUTF8
S: 250-AUTH LOGIN PLAIN
S: 250 SIZE 10485760
C: AUTH PLAIN ********
S: 235 Authentication successful
C: MAIL FROM:<objective_antonelli_89okvn> SIZE=311 BODY=8BITMIME
C: RCPT TO:<parsa.hanza@gmail.com>
S: 501 Error: Bad sender address syntax
S: 503 Error: need MAIL command
C: RSET
S: 250 Flushed
Connected to smtp://smtp.c1.liara.email:465/?starttls=always
Connected to smtp://smtp.c1.liara.email:465/?starttls=always
